TN:
SF:utils\citasHelper.ts
FN:15,agendarCitaConReintento
FN:43,(anonymous_1)
FN:55,(anonymous_2)
FNF:3
FNH:3
FNDA:7,agendarCitaConReintento
FNDA:3,(anonymous_1)
FNDA:1,(anonymous_2)
DA:19,7
DA:21,7
DA:22,10
DA:23,10
DA:25,10
DA:27,7
DA:28,2
DA:32,5
DA:33,4
DA:34,1
DA:42,3
DA:43,3
DA:44,3
DA:48,1
DA:51,3
DA:52,2
DA:54,1
DA:55,1
DA:59,1
LF:19
LH:19
BRDA:17,0,0,1
BRDA:27,1,0,2
BRDA:27,1,1,5
BRDA:32,2,0,4
BRDA:32,2,1,1
BRDA:32,3,0,5
BRDA:32,3,1,1
BRDA:33,4,0,1
BRDA:33,4,1,3
BRDA:51,5,0,2
BRDA:51,5,1,1
BRDA:52,6,0,2
BRDA:52,6,1,1
BRF:13
BRH:13
end_of_record
TN:
SF:utils\supabase.ts
FN:9,(anonymous_0)
FN:22,(anonymous_1)
FN:35,(anonymous_2)
FNF:3
FNH:0
FNDA:0,(anonymous_0)
FNDA:0,(anonymous_1)
FNDA:0,(anonymous_2)
DA:6,0
DA:8,0
DA:10,0
DA:11,0
DA:12,0
DA:15,0
DA:17,0
DA:18,0
DA:20,0
DA:23,0
DA:24,0
DA:25,0
DA:26,0
DA:29,0
DA:31,0
DA:32,0
DA:36,0
DA:37,0
DA:38,0
DA:39,0
DA:42,0
DA:44,0
DA:45,0
DA:50,0
DA:51,0
DA:53,0
LF:26
LH:0
BRDA:6,0,0,0
BRDA:6,0,1,0
BRDA:11,1,0,0
BRDA:11,1,1,0
BRDA:17,2,0,0
BRDA:17,2,1,0
BRDA:17,3,0,0
BRDA:17,3,1,0
BRDA:24,4,0,0
BRDA:24,4,1,0
BRDA:31,5,0,0
BRDA:31,5,1,0
BRDA:31,6,0,0
BRDA:31,6,1,0
BRDA:37,7,0,0
BRDA:37,7,1,0
BRDA:44,8,0,0
BRDA:44,8,1,0
BRDA:44,9,0,0
BRDA:44,9,1,0
BRDA:50,10,0,0
BRDA:50,10,1,0
BRDA:51,11,0,0
BRDA:51,11,1,0
BRF:24
BRH:0
end_of_record
