TN:
SF:components\hello-wave.tsx
FN:3,HelloWave
FNF:1
FNH:1
FNDA:1,HelloWave
DA:4,1
LF:1
LH:1
BRF:0
BRH:0
end_of_record
TN:
SF:components\themed-text.tsx
FN:11,ThemedText
FNF:1
FNH:1
FNDA:6,ThemedText
DA:18,6
DA:20,6
DA:36,1
LF:3
LH:3
BRDA:15,0,0,3
BRDA:24,1,0,3
BRDA:24,1,1,3
BRDA:25,2,0,1
BRDA:25,2,1,5
BRDA:26,3,0,2
BRDA:26,3,1,4
BRDA:27,4,0,0
BRDA:27,4,1,6
BRDA:28,5,0,0
BRDA:28,5,1,6
BRF:11
BRH:9
end_of_record
TN:
SF:components\themed-view.tsx
FN:10,ThemedView
FNF:1
FNH:1
FNDA:4,ThemedView
DA:11,4
DA:13,4
LF:2
LH:2
BRF:0
BRH:0
end_of_record
TN:
SF:components\ui\collapsible.tsx
FN:10,Collapsible
FN:18,(anonymous_1)
FN:18,(anonymous_2)
FNF:3
FNH:3
FNDA:2,Collapsible
FNDA:1,(anonymous_1)
FNDA:1,(anonymous_2)
DA:11,2
DA:12,2
DA:14,2
DA:18,1
DA:35,1
LF:5
LH:5
BRDA:12,0,0,2
BRDA:12,0,1,0
BRDA:24,1,0,2
BRDA:24,1,1,0
BRDA:25,2,0,1
BRDA:25,2,1,1
BRDA:30,3,0,2
BRDA:30,3,1,1
BRF:8
BRH:6
end_of_record
TN:
SF:constants\theme.ts
FNF:0
FNH:0
DA:8,2
DA:9,2
DA:10,2
DA:11,2
DA:12,2
DA:13,2
DA:14,2
DA:15,2
DA:16,2
DA:17,2
DA:18,2
DA:19,2
DA:20,2
DA:21,2
DA:25,2
DA:95,2
LF:16
LH:16
BRF:0
BRH:0
end_of_record
TN:
SF:hooks\use-theme-color.ts
FN:9,useThemeColor
FNF:1
FNH:1
FNDA:15,useThemeColor
DA:13,15
DA:14,15
DA:16,15
DA:17,3
DA:19,12
LF:5
LH:5
BRDA:13,0,0,15
BRDA:13,0,1,1
BRDA:16,1,0,3
BRDA:16,1,1,12
BRF:4
BRH:4
end_of_record
TN:
SF:utils\citasHelper.ts
FN:10,calculateJitterDelay
FN:24,agendarCitaConReintento
FN:52,(anonymous_2)
FN:64,(anonymous_3)
FNF:4
FNH:4
FNDA:6,calculateJitterDelay
FNDA:12,agendarCitaConReintento
FNDA:6,(anonymous_2)
FNDA:1,(anonymous_3)
DA:11,6
DA:12,6
DA:13,6
DA:14,6
DA:16,0
DA:28,12
DA:30,12
DA:31,17
DA:32,17
DA:34,17
DA:36,13
DA:37,4
DA:41,9
DA:42,7
DA:43,1
DA:51,6
DA:52,6
DA:53,6
DA:57,2
DA:60,4
DA:61,3
DA:63,1
DA:64,1
DA:68,2
LF:24
LH:23
BRDA:12,0,0,6
BRDA:12,0,1,0
BRDA:26,1,0,1
BRDA:36,2,0,4
BRDA:36,2,1,9
BRDA:41,3,0,7
BRDA:41,3,1,2
BRDA:41,4,0,9
BRDA:41,4,1,3
BRDA:42,5,0,1
BRDA:42,5,1,6
BRDA:60,6,0,3
BRDA:60,6,1,1
BRDA:61,7,0,3
BRDA:61,7,1,2
BRF:15
BRH:14
end_of_record
TN:
SF:utils\dateUtils.ts
FN:5,(anonymous_0)
FN:27,(anonymous_1)
FN:45,(anonymous_2)
FN:85,(anonymous_3)
FN:119,(anonymous_4)
FNF:5
FNH:5
FNDA:18,(anonymous_0)
FNDA:7,(anonymous_1)
FNDA:8,(anonymous_2)
FNDA:6,(anonymous_3)
FNDA:60,(anonymous_4)
DA:5,1
DA:6,18
DA:7,17
DA:8,17
DA:10,16
DA:11,16
DA:13,15
DA:15,14
DA:16,14
DA:17,14
DA:18,14
DA:19,3
DA:21,14
DA:27,1
DA:28,7
DA:29,7
DA:30,6
DA:31,2
DA:33,4
DA:34,4
DA:35,4
DA:36,2
DA:38,2
DA:45,1
DA:49,8
DA:50,7
DA:51,7
DA:53,6
DA:54,6
DA:56,5
DA:57,1
DA:60,4
DA:61,4
DA:64,4
DA:65,1
DA:68,3
DA:69,3
DA:71,3
DA:85,1
DA:89,6
DA:90,5
DA:91,5
DA:93,4
DA:94,4
DA:96,3
DA:119,3
DA:120,60
DA:121,60
DA:123,60
DA:124,60
DA:126,60
LF:51
LH:51
BRDA:6,0,0,1
BRDA:6,0,1,17
BRDA:8,1,0,1
BRDA:8,1,1,16
BRDA:10,2,0,16
BRDA:10,2,1,0
BRDA:11,3,0,1
BRDA:11,3,1,15
BRDA:13,4,0,1
BRDA:13,4,1,14
BRDA:18,5,0,3
BRDA:18,5,1,11
BRDA:29,6,0,1
BRDA:29,6,1,6
BRDA:30,7,0,2
BRDA:30,7,1,4
BRDA:31,8,0,1
BRDA:31,8,1,1
BRDA:35,9,0,2
BRDA:35,9,1,2
BRDA:36,10,0,1
BRDA:36,10,1,1
BRDA:38,11,0,1
BRDA:38,11,1,1
BRDA:38,12,0,1
BRDA:38,12,1,1
BRDA:49,13,0,1
BRDA:49,13,1,7
BRDA:51,14,0,1
BRDA:51,14,1,6
BRDA:53,15,0,6
BRDA:53,15,1,0
BRDA:54,16,0,1
BRDA:54,16,1,5
BRDA:56,17,0,1
BRDA:56,17,1,4
BRDA:64,18,0,1
BRDA:64,18,1,3
BRDA:89,19,0,1
BRDA:89,19,1,5
BRDA:91,20,0,1
BRDA:91,20,1,4
BRDA:93,21,0,4
BRDA:93,21,1,0
BRDA:94,22,0,1
BRDA:94,22,1,3
BRF:46
BRH:43
end_of_record
TN:
SF:utils\supabase.ts
FN:9,(anonymous_0)
FN:22,(anonymous_1)
FN:35,(anonymous_2)
FNF:3
FNH:0
FNDA:0,(anonymous_0)
FNDA:0,(anonymous_1)
FNDA:0,(anonymous_2)
DA:6,1
DA:8,1
DA:10,0
DA:11,0
DA:12,0
DA:15,0
DA:17,0
DA:18,0
DA:20,0
DA:23,0
DA:24,0
DA:25,0
DA:26,0
DA:29,0
DA:31,0
DA:32,0
DA:36,0
DA:37,0
DA:38,0
DA:39,0
DA:42,0
DA:44,0
DA:45,0
DA:50,1
DA:51,1
DA:53,1
DA:54,0
DA:59,1
DA:60,0
DA:66,1
LF:30
LH:7
BRDA:6,0,0,1
BRDA:6,0,1,1
BRDA:11,1,0,0
BRDA:11,1,1,0
BRDA:17,2,0,0
BRDA:17,2,1,0
BRDA:17,3,0,0
BRDA:17,3,1,0
BRDA:24,4,0,0
BRDA:24,4,1,0
BRDA:31,5,0,0
BRDA:31,5,1,0
BRDA:31,6,0,0
BRDA:31,6,1,0
BRDA:37,7,0,0
BRDA:37,7,1,0
BRDA:44,8,0,0
BRDA:44,8,1,0
BRDA:44,9,0,0
BRDA:44,9,1,0
BRDA:53,10,0,0
BRDA:53,10,1,1
BRDA:53,11,0,1
BRDA:53,11,1,1
BRDA:53,11,2,1
BRDA:59,12,0,0
BRDA:59,12,1,1
BRDA:59,13,0,1
BRDA:59,13,1,1
BRF:29
BRH:9
end_of_record
